{"/Users/hugo/Desarrollo/notes-app-backend/controllers/login.js": {"path":"/Users/hugo/Desarrollo/notes-app-backend/controllers/login.js","statementMap":{"0":{"start":{"line":1,"column":30},"end":{"line":1,"column":48}},"1":{"start":{"line":2,"column":12},"end":{"line":2,"column":35}},"2":{"start":{"line":3,"column":15},"end":{"line":3,"column":32}},"3":{"start":{"line":5,"column":13},"end":{"line":5,"column":38}},"4":{"start":{"line":7,"column":18},"end":{"line":37,"column":1}},"5":{"start":{"line":9,"column":21},"end":{"line":9,"column":24}},"6":{"start":{"line":10,"column":32},"end":{"line":10,"column":36}},"7":{"start":{"line":11,"column":24},"end":{"line":11,"column":42}},"8":{"start":{"line":13,"column":17},"end":{"line":13,"column":46}},"9":{"start":{"line":15,"column":28},"end":{"line":17,"column":54}},"10":{"start":{"line":19,"column":4},"end":{"line":21,"column":5}},"11":{"start":{"line":20,"column":8},"end":{"line":20,"column":67}},"12":{"start":{"line":23,"column":25},"end":{"line":27,"column":5}},"13":{"start":{"line":29,"column":18},"end":{"line":29,"column":53}},"14":{"start":{"line":31,"column":4},"end":{"line":35,"column":6}},"15":{"start":{"line":39,"column":0},"end":{"line":41,"column":1}}},"fnMap":{"0":{"name":"(anonymous_0)","decl":{"start":{"line":7,"column":18},"end":{"line":7,"column":19}},"loc":{"start":{"line":7,"column":62},"end":{"line":37,"column":1}},"line":7}},"branchMap":{"0":{"loc":{"start":{"line":7,"column":26},"end":{"line":7,"column":39}},"type":"default-arg","locations":[{"start":{"line":7,"column":32},"end":{"line":7,"column":39}}],"line":7},"1":{"loc":{"start":{"line":7,"column":42},"end":{"line":7,"column":56}},"type":"default-arg","locations":[{"start":{"line":7,"column":48},"end":{"line":7,"column":56}}],"line":7},"2":{"loc":{"start":{"line":15,"column":28},"end":{"line":17,"column":54}},"type":"cond-expr","locations":[{"start":{"line":16,"column":10},"end":{"line":16,"column":15}},{"start":{"line":17,"column":10},"end":{"line":17,"column":54}}],"line":15},"3":{"loc":{"start":{"line":19,"column":4},"end":{"line":21,"column":5}},"type":"if","locations":[{"start":{"line":19,"column":4},"end":{"line":21,"column":5}},{"start":{},"end":{}}],"line":19},"4":{"loc":{"start":{"line":19,"column":12},"end":{"line":19,"column":35}},"type":"binary-expr","locations":[{"start":{"line":19,"column":12},"end":{"line":19,"column":16}},{"start":{"line":19,"column":20},"end":{"line":19,"column":35}}],"line":19}},"s":{"0":1,"1":1,"2":1,"3":1,"4":1,"5":0,"6":0,"7":0,"8":0,"9":0,"10":0,"11":0,"12":0,"13":0,"14":0,"15":1},"f":{"0":0},"b":{"0":[0],"1":[0],"2":[0,0],"3":[0,0],"4":[0,0]},"_coverageSchema":"1a1c01bbd47fc00a2c39e90264f33305004495a9","hash":"1fda7977909a5e3a51461b2fbf8825b39f009964"}
,"/Users/hugo/Desarrollo/notes-app-backend/controllers/note.js": {"path":"/Users/hugo/Desarrollo/notes-app-backend/controllers/note.js","statementMap":{"0":{"start":{"line":1,"column":30},"end":{"line":1,"column":48}},"1":{"start":{"line":3,"column":13},"end":{"line":3,"column":38}},"2":{"start":{"line":5,"column":17},"end":{"line":11,"column":1}},"3":{"start":{"line":7,"column":18},"end":{"line":7,"column":35}},"4":{"start":{"line":9,"column":4},"end":{"line":9,"column":33}},"5":{"start":{"line":13,"column":19},"end":{"line":29,"column":1}},"6":{"start":{"line":15,"column":31},"end":{"line":15,"column":34}},"7":{"start":{"line":17,"column":17},"end":{"line":17,"column":26}},"8":{"start":{"line":18,"column":4},"end":{"line":18,"column":20}},"9":{"start":{"line":19,"column":4},"end":{"line":19,"column":26}},"10":{"start":{"line":20,"column":4},"end":{"line":20,"column":30}},"11":{"start":{"line":22,"column":4},"end":{"line":27,"column":5}},"12":{"start":{"line":23,"column":23},"end":{"line":23,"column":46}},"13":{"start":{"line":24,"column":8},"end":{"line":24,"column":36}},"14":{"start":{"line":26,"column":8},"end":{"line":26,"column":26}},"15":{"start":{"line":31,"column":0},"end":{"line":34,"column":1}}},"fnMap":{"0":{"name":"(anonymous_0)","decl":{"start":{"line":5,"column":17},"end":{"line":5,"column":18}},"loc":{"start":{"line":5,"column":58},"end":{"line":11,"column":1}},"line":5},"1":{"name":"(anonymous_1)","decl":{"start":{"line":13,"column":19},"end":{"line":13,"column":20}},"loc":{"start":{"line":13,"column":60},"end":{"line":29,"column":1}},"line":13}},"branchMap":{"0":{"loc":{"start":{"line":5,"column":24},"end":{"line":5,"column":37}},"type":"default-arg","locations":[{"start":{"line":5,"column":30},"end":{"line":5,"column":37}}],"line":5},"1":{"loc":{"start":{"line":5,"column":39},"end":{"line":5,"column":53}},"type":"default-arg","locations":[{"start":{"line":5,"column":45},"end":{"line":5,"column":53}}],"line":5},"2":{"loc":{"start":{"line":13,"column":26},"end":{"line":13,"column":39}},"type":"default-arg","locations":[{"start":{"line":13,"column":32},"end":{"line":13,"column":39}}],"line":13},"3":{"loc":{"start":{"line":13,"column":41},"end":{"line":13,"column":55}},"type":"default-arg","locations":[{"start":{"line":13,"column":47},"end":{"line":13,"column":55}}],"line":13}},"s":{"0":1,"1":1,"2":1,"3":2,"4":2,"5":1,"6":0,"7":0,"8":0,"9":0,"10":0,"11":0,"12":0,"13":0,"14":0,"15":1},"f":{"0":2,"1":0},"b":{"0":[0],"1":[0],"2":[0],"3":[0]},"_coverageSchema":"1a1c01bbd47fc00a2c39e90264f33305004495a9","hash":"a57b5d49767e0034f0a370ed9cedd71fc1fe212f"}
,"/Users/hugo/Desarrollo/notes-app-backend/controllers/user.js": {"path":"/Users/hugo/Desarrollo/notes-app-backend/controllers/user.js","statementMap":{"0":{"start":{"line":1,"column":30},"end":{"line":1,"column":48}},"1":{"start":{"line":2,"column":15},"end":{"line":2,"column":32}},"2":{"start":{"line":4,"column":13},"end":{"line":4,"column":38}},"3":{"start":{"line":6,"column":17},"end":{"line":20,"column":3}},"4":{"start":{"line":8,"column":28},"end":{"line":8,"column":43}},"5":{"start":{"line":10,"column":29},"end":{"line":13,"column":6}},"6":{"start":{"line":15,"column":4},"end":{"line":18,"column":18}},"7":{"start":{"line":22,"column":16},"end":{"line":30,"column":1}},"8":{"start":{"line":24,"column":28},"end":{"line":24,"column":35}},"9":{"start":{"line":26,"column":17},"end":{"line":26,"column":51}},"10":{"start":{"line":28,"column":4},"end":{"line":28,"column":34}},"11":{"start":{"line":32,"column":19},"end":{"line":60,"column":1}},"12":{"start":{"line":34,"column":4},"end":{"line":58,"column":5}},"13":{"start":{"line":35,"column":38},"end":{"line":35,"column":46}},"14":{"start":{"line":37,"column":21},"end":{"line":37,"column":35}},"15":{"start":{"line":40,"column":27},"end":{"line":40,"column":59}},"16":{"start":{"line":42,"column":29},"end":{"line":42,"column":68}},"17":{"start":{"line":44,"column":8},"end":{"line":44,"column":36}},"18":{"start":{"line":47,"column":8},"end":{"line":47,"column":52}},"19":{"start":{"line":50,"column":8},"end":{"line":50,"column":25}},"20":{"start":{"line":52,"column":8},"end":{"line":54,"column":10}},"21":{"start":{"line":57,"column":8},"end":{"line":57,"column":40}},"22":{"start":{"line":62,"column":19},"end":{"line":73,"column":1}},"23":{"start":{"line":64,"column":19},"end":{"line":64,"column":29}},"24":{"start":{"line":66,"column":26},"end":{"line":68,"column":5}},"25":{"start":{"line":70,"column":4},"end":{"line":70,"column":53}},"26":{"start":{"line":72,"column":4},"end":{"line":72,"column":28}},"27":{"start":{"line":75,"column":19},"end":{"line":92,"column":1}},"28":{"start":{"line":77,"column":4},"end":{"line":91,"column":5}},"29":{"start":{"line":78,"column":23},"end":{"line":78,"column":33}},"30":{"start":{"line":80,"column":32},"end":{"line":80,"column":40}},"31":{"start":{"line":82,"column":23},"end":{"line":82,"column":64}},"32":{"start":{"line":84,"column":8},"end":{"line":87,"column":10}},"33":{"start":{"line":90,"column":8},"end":{"line":90,"column":28}},"34":{"start":{"line":94,"column":0},"end":{"line":100,"column":1}}},"fnMap":{"0":{"name":"(anonymous_0)","decl":{"start":{"line":6,"column":17},"end":{"line":6,"column":18}},"loc":{"start":{"line":6,"column":58},"end":{"line":20,"column":3}},"line":6},"1":{"name":"(anonymous_1)","decl":{"start":{"line":22,"column":16},"end":{"line":22,"column":17}},"loc":{"start":{"line":22,"column":57},"end":{"line":30,"column":1}},"line":22},"2":{"name":"(anonymous_2)","decl":{"start":{"line":32,"column":19},"end":{"line":32,"column":20}},"loc":{"start":{"line":32,"column":60},"end":{"line":60,"column":1}},"line":32},"3":{"name":"(anonymous_3)","decl":{"start":{"line":62,"column":19},"end":{"line":62,"column":20}},"loc":{"start":{"line":62,"column":50},"end":{"line":73,"column":1}},"line":62},"4":{"name":"(anonymous_4)","decl":{"start":{"line":75,"column":19},"end":{"line":75,"column":20}},"loc":{"start":{"line":75,"column":60},"end":{"line":92,"column":1}},"line":75}},"branchMap":{"0":{"loc":{"start":{"line":6,"column":24},"end":{"line":6,"column":37}},"type":"default-arg","locations":[{"start":{"line":6,"column":30},"end":{"line":6,"column":37}}],"line":6},"1":{"loc":{"start":{"line":6,"column":39},"end":{"line":6,"column":53}},"type":"default-arg","locations":[{"start":{"line":6,"column":45},"end":{"line":6,"column":53}}],"line":6},"2":{"loc":{"start":{"line":22,"column":23},"end":{"line":22,"column":36}},"type":"default-arg","locations":[{"start":{"line":22,"column":29},"end":{"line":22,"column":36}}],"line":22},"3":{"loc":{"start":{"line":22,"column":38},"end":{"line":22,"column":52}},"type":"default-arg","locations":[{"start":{"line":22,"column":44},"end":{"line":22,"column":52}}],"line":22},"4":{"loc":{"start":{"line":32,"column":26},"end":{"line":32,"column":39}},"type":"default-arg","locations":[{"start":{"line":32,"column":32},"end":{"line":32,"column":39}}],"line":32},"5":{"loc":{"start":{"line":32,"column":41},"end":{"line":32,"column":55}},"type":"default-arg","locations":[{"start":{"line":32,"column":47},"end":{"line":32,"column":55}}],"line":32},"6":{"loc":{"start":{"line":62,"column":31},"end":{"line":62,"column":45}},"type":"default-arg","locations":[{"start":{"line":62,"column":37},"end":{"line":62,"column":45}}],"line":62},"7":{"loc":{"start":{"line":75,"column":26},"end":{"line":75,"column":39}},"type":"default-arg","locations":[{"start":{"line":75,"column":32},"end":{"line":75,"column":39}}],"line":75},"8":{"loc":{"start":{"line":75,"column":41},"end":{"line":75,"column":55}},"type":"default-arg","locations":[{"start":{"line":75,"column":47},"end":{"line":75,"column":55}}],"line":75}},"s":{"0":1,"1":1,"2":1,"3":1,"4":0,"5":0,"6":0,"7":1,"8":0,"9":0,"10":0,"11":1,"12":0,"13":0,"14":0,"15":0,"16":0,"17":0,"18":0,"19":0,"20":0,"21":0,"22":1,"23":0,"24":0,"25":0,"26":0,"27":1,"28":0,"29":0,"30":0,"31":0,"32":0,"33":0,"34":1},"f":{"0":0,"1":0,"2":0,"3":0,"4":0},"b":{"0":[0],"1":[0],"2":[0],"3":[0],"4":[0],"5":[0],"6":[0],"7":[0],"8":[0]},"_coverageSchema":"1a1c01bbd47fc00a2c39e90264f33305004495a9","hash":"b68e702393289a2d890767095a392f138ba0470a"}
,"/Users/hugo/Desarrollo/notes-app-backend/database/config.js": {"path":"/Users/hugo/Desarrollo/notes-app-backend/database/config.js","statementMap":{"0":{"start":{"line":1,"column":17},"end":{"line":1,"column":36}},"1":{"start":{"line":3,"column":56},"end":{"line":3,"column":67}},"2":{"start":{"line":5,"column":25},"end":{"line":5,"column":81}},"3":{"start":{"line":9,"column":21},"end":{"line":19,"column":1}},"4":{"start":{"line":11,"column":4},"end":{"line":17,"column":5}},"5":{"start":{"line":12,"column":8},"end":{"line":12,"column":50}},"6":{"start":{"line":13,"column":8},"end":{"line":13,"column":40}},"7":{"start":{"line":15,"column":8},"end":{"line":15,"column":26}},"8":{"start":{"line":16,"column":8},"end":{"line":16,"column":69}},"9":{"start":{"line":21,"column":0},"end":{"line":21,"column":33}}},"fnMap":{"0":{"name":"(anonymous_0)","decl":{"start":{"line":9,"column":21},"end":{"line":9,"column":22}},"loc":{"start":{"line":9,"column":33},"end":{"line":19,"column":1}},"line":9}},"branchMap":{"0":{"loc":{"start":{"line":5,"column":25},"end":{"line":5,"column":81}},"type":"cond-expr","locations":[{"start":{"line":5,"column":47},"end":{"line":5,"column":65}},{"start":{"line":5,"column":68},"end":{"line":5,"column":81}}],"line":5}},"s":{"0":1,"1":1,"2":1,"3":1,"4":1,"5":1,"6":1,"7":0,"8":0,"9":1},"f":{"0":1},"b":{"0":[1,0]},"_coverageSchema":"1a1c01bbd47fc00a2c39e90264f33305004495a9","hash":"57c0325c4168b18fc867774a4894e7d05e9dae2e"}
,"/Users/hugo/Desarrollo/notes-app-backend/helpers/db-validators.js": {"path":"/Users/hugo/Desarrollo/notes-app-backend/helpers/db-validators.js","statementMap":{"0":{"start":{"line":1,"column":13},"end":{"line":1,"column":38}},"1":{"start":{"line":3,"column":18},"end":{"line":12,"column":1}},"2":{"start":{"line":6,"column":24},"end":{"line":6,"column":53}},"3":{"start":{"line":9,"column":4},"end":{"line":11,"column":5}},"4":{"start":{"line":10,"column":8},"end":{"line":10,"column":56}},"5":{"start":{"line":14,"column":0},"end":{"line":14,"column":30}}},"fnMap":{"0":{"name":"(anonymous_0)","decl":{"start":{"line":3,"column":18},"end":{"line":3,"column":19}},"loc":{"start":{"line":3,"column":40},"end":{"line":12,"column":1}},"line":3}},"branchMap":{"0":{"loc":{"start":{"line":3,"column":25},"end":{"line":3,"column":35}},"type":"default-arg","locations":[{"start":{"line":3,"column":33},"end":{"line":3,"column":35}}],"line":3},"1":{"loc":{"start":{"line":9,"column":4},"end":{"line":11,"column":5}},"type":"if","locations":[{"start":{"line":9,"column":4},"end":{"line":11,"column":5}},{"start":{},"end":{}}],"line":9}},"s":{"0":1,"1":1,"2":0,"3":0,"4":0,"5":1},"f":{"0":0},"b":{"0":[0],"1":[0,0]},"_coverageSchema":"1a1c01bbd47fc00a2c39e90264f33305004495a9","hash":"f54ce1498eb39f8860e9ffb1df775003b1fc82b2"}
,"/Users/hugo/Desarrollo/notes-app-backend/middlewares/validate-fields.js": {"path":"/Users/hugo/Desarrollo/notes-app-backend/middlewares/validate-fields.js","statementMap":{"0":{"start":{"line":1,"column":29},"end":{"line":1,"column":57}},"1":{"start":{"line":3,"column":23},"end":{"line":11,"column":1}},"2":{"start":{"line":4,"column":19},"end":{"line":4,"column":40}},"3":{"start":{"line":5,"column":4},"end":{"line":7,"column":5}},"4":{"start":{"line":6,"column":8},"end":{"line":6,"column":44}},"5":{"start":{"line":9,"column":4},"end":{"line":9,"column":10}},"6":{"start":{"line":13,"column":0},"end":{"line":15,"column":1}}},"fnMap":{"0":{"name":"(anonymous_0)","decl":{"start":{"line":3,"column":23},"end":{"line":3,"column":24}},"loc":{"start":{"line":3,"column":43},"end":{"line":11,"column":1}},"line":3}},"branchMap":{"0":{"loc":{"start":{"line":5,"column":4},"end":{"line":7,"column":5}},"type":"if","locations":[{"start":{"line":5,"column":4},"end":{"line":7,"column":5}},{"start":{},"end":{}}],"line":5}},"s":{"0":1,"1":1,"2":0,"3":0,"4":0,"5":0,"6":1},"f":{"0":0},"b":{"0":[0,0]},"_coverageSchema":"1a1c01bbd47fc00a2c39e90264f33305004495a9","hash":"3e5c82e54443a31efa563414de3ca5f6aab6fd7d"}
,"/Users/hugo/Desarrollo/notes-app-backend/middlewares/validate-jwt.js": {"path":"/Users/hugo/Desarrollo/notes-app-backend/middlewares/validate-jwt.js","statementMap":{"0":{"start":{"line":1,"column":30},"end":{"line":1,"column":48}},"1":{"start":{"line":2,"column":12},"end":{"line":2,"column":35}},"2":{"start":{"line":4,"column":13},"end":{"line":4,"column":38}},"3":{"start":{"line":6,"column":20},"end":{"line":46,"column":1}},"4":{"start":{"line":8,"column":26},"end":{"line":8,"column":53}},"5":{"start":{"line":9,"column":24},"end":{"line":9,"column":42}},"6":{"start":{"line":10,"column":4},"end":{"line":10,"column":32}},"7":{"start":{"line":11,"column":16},"end":{"line":11,"column":20}},"8":{"start":{"line":13,"column":4},"end":{"line":15,"column":5}},"9":{"start":{"line":14,"column":8},"end":{"line":14,"column":42}},"10":{"start":{"line":17,"column":4},"end":{"line":21,"column":5}},"11":{"start":{"line":18,"column":8},"end":{"line":20,"column":10}},"12":{"start":{"line":23,"column":4},"end":{"line":45,"column":5}},"13":{"start":{"line":25,"column":23},"end":{"line":25,"column":53}},"14":{"start":{"line":27,"column":25},"end":{"line":27,"column":50}},"15":{"start":{"line":30,"column":8},"end":{"line":34,"column":9}},"16":{"start":{"line":31,"column":12},"end":{"line":33,"column":14}},"17":{"start":{"line":36,"column":8},"end":{"line":36,"column":31}},"18":{"start":{"line":38,"column":8},"end":{"line":38,"column":14}},"19":{"start":{"line":41,"column":8},"end":{"line":41,"column":26}},"20":{"start":{"line":42,"column":8},"end":{"line":44,"column":10}},"21":{"start":{"line":48,"column":0},"end":{"line":48,"column":32}}},"fnMap":{"0":{"name":"(anonymous_0)","decl":{"start":{"line":6,"column":20},"end":{"line":6,"column":21}},"loc":{"start":{"line":6,"column":69},"end":{"line":46,"column":1}},"line":6}},"branchMap":{"0":{"loc":{"start":{"line":6,"column":28},"end":{"line":6,"column":41}},"type":"default-arg","locations":[{"start":{"line":6,"column":34},"end":{"line":6,"column":41}}],"line":6},"1":{"loc":{"start":{"line":6,"column":43},"end":{"line":6,"column":57}},"type":"default-arg","locations":[{"start":{"line":6,"column":49},"end":{"line":6,"column":57}}],"line":6},"2":{"loc":{"start":{"line":13,"column":4},"end":{"line":15,"column":5}},"type":"if","locations":[{"start":{"line":13,"column":4},"end":{"line":15,"column":5}},{"start":{},"end":{}}],"line":13},"3":{"loc":{"start":{"line":13,"column":8},"end":{"line":13,"column":73}},"type":"binary-expr","locations":[{"start":{"line":13,"column":8},"end":{"line":13,"column":21}},{"start":{"line":13,"column":25},"end":{"line":13,"column":73}}],"line":13},"4":{"loc":{"start":{"line":17,"column":4},"end":{"line":21,"column":5}},"type":"if","locations":[{"start":{"line":17,"column":4},"end":{"line":21,"column":5}},{"start":{},"end":{}}],"line":17},"5":{"loc":{"start":{"line":30,"column":8},"end":{"line":34,"column":9}},"type":"if","locations":[{"start":{"line":30,"column":8},"end":{"line":34,"column":9}},{"start":{},"end":{}}],"line":30},"6":{"loc":{"start":{"line":30,"column":15},"end":{"line":30,"column":41}},"type":"binary-expr","locations":[{"start":{"line":30,"column":15},"end":{"line":30,"column":23}},{"start":{"line":30,"column":27},"end":{"line":30,"column":41}}],"line":30}},"s":{"0":1,"1":1,"2":1,"3":1,"4":0,"5":0,"6":0,"7":0,"8":0,"9":0,"10":0,"11":0,"12":0,"13":0,"14":0,"15":0,"16":0,"17":0,"18":0,"19":0,"20":0,"21":1},"f":{"0":0},"b":{"0":[0],"1":[0],"2":[0,0],"3":[0,0],"4":[0,0],"5":[0,0],"6":[0,0]},"_coverageSchema":"1a1c01bbd47fc00a2c39e90264f33305004495a9","hash":"36f6a126d40390304e0c3ca986b95a467dccf31d"}
,"/Users/hugo/Desarrollo/notes-app-backend/models/note.js": {"path":"/Users/hugo/Desarrollo/notes-app-backend/models/note.js","statementMap":{"0":{"start":{"line":1,"column":26},"end":{"line":1,"column":45}},"1":{"start":{"line":3,"column":19},"end":{"line":20,"column":2}},"2":{"start":{"line":22,"column":13},"end":{"line":22,"column":37}},"3":{"start":{"line":24,"column":0},"end":{"line":24,"column":21}}},"fnMap":{},"branchMap":{},"s":{"0":1,"1":1,"2":1,"3":1},"f":{},"b":{},"_coverageSchema":"1a1c01bbd47fc00a2c39e90264f33305004495a9","hash":"6256c96afe1699f0e20f050acf1cd4a8fa44c310"}
,"/Users/hugo/Desarrollo/notes-app-backend/models/user.js": {"path":"/Users/hugo/Desarrollo/notes-app-backend/models/user.js","statementMap":{"0":{"start":{"line":1,"column":26},"end":{"line":1,"column":45}},"1":{"start":{"line":3,"column":19},"end":{"line":25,"column":2}},"2":{"start":{"line":27,"column":13},"end":{"line":27,"column":37}},"3":{"start":{"line":29,"column":0},"end":{"line":29,"column":21}}},"fnMap":{},"branchMap":{},"s":{"0":1,"1":1,"2":1,"3":1},"f":{},"b":{},"_coverageSchema":"1a1c01bbd47fc00a2c39e90264f33305004495a9","hash":"d37dae0381da43195df7f41028dcd7ecaebe3dee"}
,"/Users/hugo/Desarrollo/notes-app-backend/routes/login.js": {"path":"/Users/hugo/Desarrollo/notes-app-backend/routes/login.js","statementMap":{"0":{"start":{"line":1,"column":19},"end":{"line":1,"column":37}},"1":{"start":{"line":2,"column":22},"end":{"line":2,"column":53}},"2":{"start":{"line":4,"column":15},"end":{"line":4,"column":23}},"3":{"start":{"line":6,"column":0},"end":{"line":6,"column":26}},"4":{"start":{"line":8,"column":0},"end":{"line":8,"column":23}}},"fnMap":{},"branchMap":{},"s":{"0":1,"1":1,"2":1,"3":1,"4":1},"f":{},"b":{},"_coverageSchema":"1a1c01bbd47fc00a2c39e90264f33305004495a9","hash":"19a894bfe4407e22e5ee7b859280e33647fece9d"}
,"/Users/hugo/Desarrollo/notes-app-backend/routes/note.js": {"path":"/Users/hugo/Desarrollo/notes-app-backend/routes/note.js","statementMap":{"0":{"start":{"line":1,"column":19},"end":{"line":1,"column":37}},"1":{"start":{"line":2,"column":18},"end":{"line":2,"column":46}},"2":{"start":{"line":4,"column":24},"end":{"line":4,"column":62}},"3":{"start":{"line":5,"column":27},"end":{"line":5,"column":68}},"4":{"start":{"line":10,"column":4},"end":{"line":10,"column":34}},"5":{"start":{"line":12,"column":15},"end":{"line":12,"column":23}},"6":{"start":{"line":14,"column":0},"end":{"line":14,"column":24}},"7":{"start":{"line":16,"column":0},"end":{"line":19,"column":13}},"8":{"start":{"line":21,"column":0},"end":{"line":21,"column":23}}},"fnMap":{},"branchMap":{},"s":{"0":1,"1":1,"2":1,"3":1,"4":1,"5":1,"6":1,"7":1,"8":1},"f":{},"b":{},"_coverageSchema":"1a1c01bbd47fc00a2c39e90264f33305004495a9","hash":"47e934a0c159f93923ad1cf7d88cd5f02201a6bb"}
,"/Users/hugo/Desarrollo/notes-app-backend/routes/user.js": {"path":"/Users/hugo/Desarrollo/notes-app-backend/routes/user.js","statementMap":{"0":{"start":{"line":1,"column":19},"end":{"line":1,"column":37}},"1":{"start":{"line":2,"column":18},"end":{"line":2,"column":46}},"2":{"start":{"line":4,"column":24},"end":{"line":4,"column":62}},"3":{"start":{"line":5,"column":27},"end":{"line":5,"column":68}},"4":{"start":{"line":13,"column":4},"end":{"line":13,"column":34}},"5":{"start":{"line":15,"column":22},"end":{"line":15,"column":57}},"6":{"start":{"line":17,"column":15},"end":{"line":17,"column":23}},"7":{"start":{"line":19,"column":0},"end":{"line":22,"column":12}},"8":{"start":{"line":24,"column":0},"end":{"line":24,"column":27}},"9":{"start":{"line":26,"column":0},"end":{"line":26,"column":30}},"10":{"start":{"line":28,"column":0},"end":{"line":33,"column":14}},"11":{"start":{"line":35,"column":0},"end":{"line":35,"column":33}},"12":{"start":{"line":37,"column":0},"end":{"line":37,"column":23}}},"fnMap":{},"branchMap":{},"s":{"0":1,"1":1,"2":1,"3":1,"4":1,"5":1,"6":1,"7":1,"8":1,"9":1,"10":1,"11":1,"12":1},"f":{},"b":{},"_coverageSchema":"1a1c01bbd47fc00a2c39e90264f33305004495a9","hash":"33c467bbb5ceea94c33e8d78b3df84ca7664dd94"}
,"/Users/hugo/Desarrollo/notes-app-backend/tests/helpers.js": {"path":"/Users/hugo/Desarrollo/notes-app-backend/tests/helpers.js","statementMap":{"0":{"start":{"line":1,"column":0},"end":{"line":1,"column":26}},"1":{"start":{"line":2,"column":18},"end":{"line":2,"column":38}},"2":{"start":{"line":3,"column":16},"end":{"line":3,"column":34}},"3":{"start":{"line":4,"column":13},"end":{"line":4,"column":28}},"4":{"start":{"line":5,"column":25},"end":{"line":5,"column":54}},"5":{"start":{"line":7,"column":14},"end":{"line":11,"column":5}},"6":{"start":{"line":13,"column":12},"end":{"line":13,"column":21}},"7":{"start":{"line":15,"column":0},"end":{"line":15,"column":15}},"8":{"start":{"line":17,"column":0},"end":{"line":17,"column":25}},"9":{"start":{"line":19,"column":0},"end":{"line":19,"column":14}},"10":{"start":{"line":21,"column":0},"end":{"line":21,"column":50}},"11":{"start":{"line":22,"column":0},"end":{"line":22,"column":49}},"12":{"start":{"line":23,"column":0},"end":{"line":23,"column":49}},"13":{"start":{"line":25,"column":0},"end":{"line":26,"column":69}},"14":{"start":{"line":26,"column":0},"end":{"line":26,"column":68}},"15":{"start":{"line":28,"column":12},"end":{"line":28,"column":26}},"16":{"start":{"line":30,"column":31},"end":{"line":38,"column":1}},"17":{"start":{"line":32,"column":21},"end":{"line":32,"column":48}},"18":{"start":{"line":34,"column":22},"end":{"line":34,"column":35}},"19":{"start":{"line":36,"column":4},"end":{"line":37,"column":14}},"20":{"start":{"line":36,"column":52},"end":{"line":36,"column":60}},"21":{"start":{"line":40,"column":0},"end":{"line":42,"column":44}}},"fnMap":{"0":{"name":"(anonymous_0)","decl":{"start":{"line":25,"column":29},"end":{"line":25,"column":30}},"loc":{"start":{"line":26,"column":0},"end":{"line":26,"column":68}},"line":26},"1":{"name":"(anonymous_1)","decl":{"start":{"line":30,"column":31},"end":{"line":30,"column":32}},"loc":{"start":{"line":30,"column":43},"end":{"line":38,"column":1}},"line":30},"2":{"name":"(anonymous_2)","decl":{"start":{"line":36,"column":44},"end":{"line":36,"column":45}},"loc":{"start":{"line":36,"column":52},"end":{"line":36,"column":60}},"line":36}},"branchMap":{},"s":{"0":1,"1":1,"2":1,"3":1,"4":1,"5":1,"6":1,"7":1,"8":1,"9":1,"10":1,"11":1,"12":1,"13":1,"14":1,"15":1,"16":1,"17":1,"18":1,"19":1,"20":2,"21":1},"f":{"0":1,"1":1,"2":2},"b":{},"_coverageSchema":"1a1c01bbd47fc00a2c39e90264f33305004495a9","hash":"bfe68c29757984817e287e0b36f95546f72d6240"}
}
