TN:
SF:controllers/login.js
FN:7,(anonymous_0)
FNF:1
FNH:0
FNDA:0,(anonymous_0)
DA:1,1
DA:2,1
DA:3,1
DA:5,1
DA:7,1
DA:9,0
DA:10,0
DA:11,0
DA:13,0
DA:15,0
DA:19,0
DA:20,0
DA:23,0
DA:29,0
DA:31,0
DA:39,1
LF:16
LH:6
BRDA:7,0,0,0
BRDA:7,1,0,0
BRDA:15,2,0,0
BRDA:15,2,1,0
BRDA:19,3,0,0
BRDA:19,3,1,0
BRDA:19,4,0,0
BRDA:19,4,1,0
BRF:8
BRH:0
end_of_record
TN:
SF:controllers/note.js
FN:5,(anonymous_0)
FN:13,(anonymous_1)
FNF:2
FNH:1
FNDA:2,(anonymous_0)
FNDA:0,(anonymous_1)
DA:1,1
DA:3,1
DA:5,1
DA:7,2
DA:9,2
DA:13,1
DA:15,0
DA:17,0
DA:18,0
DA:19,0
DA:20,0
DA:22,0
DA:23,0
DA:24,0
DA:26,0
DA:31,1
LF:16
LH:7
BRDA:5,0,0,0
BRDA:5,1,0,0
BRDA:13,2,0,0
BRDA:13,3,0,0
BRF:4
BRH:0
end_of_record
TN:
SF:controllers/user.js
FN:6,(anonymous_0)
FN:22,(anonymous_1)
FN:32,(anonymous_2)
FN:62,(anonymous_3)
FN:75,(anonymous_4)
FNF:5
FNH:0
FNDA:0,(anonymous_0)
FNDA:0,(anonymous_1)
FNDA:0,(anonymous_2)
FNDA:0,(anonymous_3)
FNDA:0,(anonymous_4)
DA:1,1
DA:2,1
DA:4,1
DA:6,1
DA:8,0
DA:10,0
DA:15,0
DA:22,1
DA:24,0
DA:26,0
DA:28,0
DA:32,1
DA:34,0
DA:35,0
DA:37,0
DA:40,0
DA:42,0
DA:44,0
DA:47,0
DA:50,0
DA:52,0
DA:57,0
DA:62,1
DA:64,0
DA:66,0
DA:70,0
DA:72,0
DA:75,1
DA:77,0
DA:78,0
DA:80,0
DA:82,0
DA:84,0
DA:90,0
DA:94,1
LF:35
LH:9
BRDA:6,0,0,0
BRDA:6,1,0,0
BRDA:22,2,0,0
BRDA:22,3,0,0
BRDA:32,4,0,0
BRDA:32,5,0,0
BRDA:62,6,0,0
BRDA:75,7,0,0
BRDA:75,8,0,0
BRF:9
BRH:0
end_of_record
TN:
SF:database/config.js
FN:10,(anonymous_0)
FNF:1
FNH:1
FNDA:1,(anonymous_0)
DA:1,1
DA:2,1
DA:4,1
DA:8,1
DA:10,1
DA:12,1
DA:13,1
DA:14,1
DA:16,0
DA:17,0
DA:22,1
LF:11
LH:9
BRDA:8,0,0,1
BRDA:8,0,1,0
BRF:2
BRH:1
end_of_record
TN:
SF:helpers/db-validators.js
FN:3,(anonymous_0)
FNF:1
FNH:0
FNDA:0,(anonymous_0)
DA:1,1
DA:3,1
DA:6,0
DA:9,0
DA:10,0
DA:14,1
LF:6
LH:3
BRDA:3,0,0,0
BRDA:9,1,0,0
BRDA:9,1,1,0
BRF:3
BRH:0
end_of_record
TN:
SF:middlewares/validate-fields.js
FN:3,(anonymous_0)
FNF:1
FNH:0
FNDA:0,(anonymous_0)
DA:1,1
DA:3,1
DA:4,0
DA:5,0
DA:6,0
DA:9,0
DA:13,1
LF:7
LH:3
BRDA:5,0,0,0
BRDA:5,0,1,0
BRF:2
BRH:0
end_of_record
TN:
SF:middlewares/validate-jwt.js
FN:6,(anonymous_0)
FNF:1
FNH:0
FNDA:0,(anonymous_0)
DA:1,1
DA:2,1
DA:4,1
DA:6,1
DA:8,0
DA:9,0
DA:10,0
DA:11,0
DA:13,0
DA:14,0
DA:17,0
DA:18,0
DA:23,0
DA:25,0
DA:27,0
DA:30,0
DA:31,0
DA:36,0
DA:38,0
DA:41,0
DA:42,0
DA:48,1
LF:22
LH:5
BRDA:6,0,0,0
BRDA:6,1,0,0
BRDA:13,2,0,0
BRDA:13,2,1,0
BRDA:13,3,0,0
BRDA:13,3,1,0
BRDA:17,4,0,0
BRDA:17,4,1,0
BRDA:30,5,0,0
BRDA:30,5,1,0
BRDA:30,6,0,0
BRDA:30,6,1,0
BRF:12
BRH:0
end_of_record
TN:
SF:models/note.js
FNF:0
FNH:0
DA:1,1
DA:3,1
DA:22,1
DA:24,1
LF:4
LH:4
BRF:0
BRH:0
end_of_record
TN:
SF:models/user.js
FNF:0
FNH:0
DA:1,1
DA:3,1
DA:27,1
DA:29,1
LF:4
LH:4
BRF:0
BRH:0
end_of_record
TN:
SF:routes/login.js
FNF:0
FNH:0
DA:1,1
DA:2,1
DA:4,1
DA:6,1
DA:8,1
LF:5
LH:5
BRF:0
BRH:0
end_of_record
TN:
SF:routes/note.js
FNF:0
FNH:0
DA:1,1
DA:2,1
DA:4,1
DA:5,1
DA:10,1
DA:12,1
DA:14,1
DA:16,1
DA:21,1
LF:9
LH:9
BRF:0
BRH:0
end_of_record
TN:
SF:routes/user.js
FNF:0
FNH:0
DA:1,1
DA:2,1
DA:4,1
DA:5,1
DA:13,1
DA:15,1
DA:17,1
DA:19,1
DA:24,1
DA:26,1
DA:28,1
DA:35,1
DA:37,1
LF:13
LH:13
BRF:0
BRH:0
end_of_record
TN:
SF:tests/helpers.js
FN:25,(anonymous_0)
FN:30,(anonymous_1)
FN:36,(anonymous_2)
FNF:3
FNH:3
FNDA:1,(anonymous_0)
FNDA:1,(anonymous_1)
FNDA:2,(anonymous_2)
DA:1,1
DA:2,1
DA:3,1
DA:4,1
DA:5,1
DA:7,1
DA:13,1
DA:15,1
DA:17,1
DA:19,1
DA:21,1
DA:22,1
DA:23,1
DA:25,1
DA:26,1
DA:28,1
DA:30,1
DA:32,1
DA:34,1
DA:36,2
DA:40,1
LF:21
LH:21
BRF:0
BRH:0
end_of_record
